2025-11-11 17:42:23,881 - pyswarms.single.global_best - INFO - Optimize for 1000 iters with {'c1': 0.9, 'c2': 0.5, 'w': 0.3}
2025-11-11 17:45:00,369 - pyswarms.single.global_best - INFO - Optimize for 1000 iters with {'c1': 0.9, 'c2': 0.5, 'w': 0.3}
2025-11-11 17:45:00,750 - pyswarms.single.global_best - INFO - Optimize for 1000 iters with {'c1': 0.9, 'c2': 0.5, 'w': 0.3}
2025-11-11 17:54:10,275 - pyswarms.single.global_best - INFO - Optimize for 1000 iters with {'c1': 0.9, 'c2': 0.5, 'w': 0.3}
2025-11-11 17:57:15,473 - pyswarms.single.global_best - INFO - Optimize for 1000 iters with {'c1': 0.9, 'c2': 0.5, 'w': 0.3}
2025-11-11 17:57:16,762 - pyswarms.single.global_best - INFO - Optimization finished | best cost: 64.39086140601546, best pos: [0.78642673 0.60848421 0.59694363 0.83172241 0.93458868 1.02803511
 0.30412177 1.14522745 0.26303091 0.96973433 0.70597327 0.47072975
 0.55067979 0.9917628  0.68340224 0.81626175 0.79867013 0.38622648
 0.92423608 0.86078871 0.99193661 0.65891739 0.73941451 0.45384807
 0.73805073 0.58289221 0.97575794 0.66421863 1.05147704 0.46528763
 1.13640524 0.7170199  0.55219511 0.92515987]
2025-11-11 17:57:25,861 - pyswarms.single.global_best - INFO - Optimize for 1000 iters with {'c1': 0.9, 'c2': 0.5, 'w': 0.3}
2025-11-11 17:57:30,648 - pyswarms.single.global_best - INFO - Optimization finished | best cost: 52.40601648934763, best pos: [ 0.40393603  0.40876776  0.90420862  0.4190152   0.37370884  0.54840188
  0.7703607   0.75293356  0.71242043  0.3769336  -0.00634492  0.77728098
  0.78115965  0.05355267  0.48829377  0.75832957  0.64796338  0.17429907
  0.06688267  0.49478947  0.51538169  0.65986961  0.64384075  0.63317811
  0.82165292  0.84442783  0.41126621  0.51034809  0.25201166  0.80698759
  0.45059434  0.73481778  0.78654387  0.44713826]
2025-11-11 17:57:39,304 - pyswarms.single.global_best - INFO - Optimize for 1000 iters with {'c1': 0.9, 'c2': 0.5, 'w': 0.3}
2025-11-11 17:58:10,977 - pyswarms.single.global_best - INFO - Optimization finished | best cost: 50.644411581095234, best pos: [0.85193912 0.82842688 0.88480431 0.74934958 0.95162801 0.74711365
 0.17678549 0.54345728 0.6731556  0.85577406 0.58437233 0.76909493
 0.79100301 0.667063   0.36722938 0.7708134  0.79481436 0.68939096
 0.78466413 0.42501339 0.52655222 0.62672229 0.57872278 0.33581678
 0.81209115 0.50977258 0.56810323 0.45099735 0.56128209 0.7175324
 0.77111714 0.45768251 0.61154425 0.515209  ]
2025-11-11 17:59:49,579 - pyswarms.single.global_best - INFO - Optimize for 1000 iters with {'c1': 0.9, 'c2': 0.5, 'w': 0.3}
2025-11-11 18:00:21,391 - pyswarms.single.global_best - INFO - Optimization finished | best cost: 50.644411581095234, best pos: [0.40556995 0.5944136  0.32178707 0.70305132 0.13508139 0.7050921
 0.9668769  0.84293903 0.77917    0.57479926 0.20716365 0.65326909
 0.905458   0.69917746 1.01946886 0.85252992 1.01213828 0.39126024
 0.17085258 0.76460521 0.78227457 0.24179722 0.5639801  0.48978416
 0.70117    0.51757648 0.65019468 0.89783794 0.733083   0.49191494
 0.54962631 0.69754038 0.53474814 0.86065191]
2025-11-11 18:04:08,475 - pyswarms.single.global_best - INFO - Optimize for 1000 iters with {'c1': 0.9, 'c2': 0.5, 'w': 0.3}
2025-11-11 18:04:13,319 - pyswarms.single.global_best - INFO - Optimization finished | best cost: 50.644411581095234, best pos: [0.59708706 0.64813713 0.57067598 0.81006555 0.43046593 0.81639076
 0.98495681 0.98003196 0.88856754 0.5548644  0.6921744  0.56178614
 0.63036976 0.71204369 0.74304818 0.4037318  0.55293174 0.68618706
 0.66317634 0.6599102  0.39168907 0.93127382 0.51767421 0.49863293
 0.89308495 0.31919074 0.5468784  0.76945446 0.51246416 0.29750756
 0.561335   0.3490942  0.76693262 0.56814791]
2025-11-11 18:04:29,280 - pyswarms.single.global_best - INFO - Optimize for 1000 iters with {'c1': 0.9, 'c2': 0.5, 'w': 0.3}
2025-11-11 18:04:30,655 - pyswarms.single.global_best - INFO - Optimization finished | best cost: 55.05205243384883, best pos: [0.74991136 0.67817435 0.93974253 0.6116532  0.38008629 0.53466574
 0.94154257 0.58585031 0.55085157 0.68654563 0.46957901 0.70101696
 0.51000574 0.51885998 0.42054822 0.70385486 0.45300246 0.76465712
 0.56968016 0.4329154  1.05134458 0.3462081  0.89312229 0.75843227
 0.67602426 0.80247708 0.71521614 0.59782775 0.6131358  0.51995815
 0.51433323 0.82292429 0.3320832  0.39462569]
2025-11-11 18:04:41,218 - pyswarms.single.global_best - INFO - Optimize for 1000 iters with {'c1': 0.9, 'c2': 0.5, 'w': 0.3}
2025-11-11 18:04:44,450 - pyswarms.single.global_best - INFO - Optimization finished | best cost: 55.12897999535672, best pos: [0.52308965 0.54387041 1.00436819 0.46362719 0.3490137  0.57851281
 0.35333742 0.82825212 0.72260773 0.99084381 0.59676391 0.68431425
 0.49996847 0.68879799 0.52620279 0.54950723 0.58819698 0.61360671
 0.57043934 0.72522966 0.78276408 0.43852705 0.39621382 0.4950371
 0.64752321 0.45437042 0.56087807 0.79316263 0.36791253 0.55247963
 0.72092211 0.67276832 0.78313439 0.54723176]
2025-11-11 18:04:49,734 - pyswarms.single.global_best - INFO - Optimize for 1000 iters with {'c1': 0.9, 'c2': 0.5, 'w': 0.3}
2025-11-11 18:04:54,551 - pyswarms.single.global_best - INFO - Optimization finished | best cost: 51.72040199790065, best pos: [0.75018858 0.71337509 0.5242761  0.70990458 0.46381414 0.63086151
 0.56171503 0.57070292 0.57137054 0.66379049 0.60622712 0.71951076
 0.6707793  0.30394566 0.5206148  0.45386984 0.60572177 0.6020605
 0.44261194 0.81418974 0.44714645 0.56646238 0.59072836 0.44499419
 0.45924948 0.86131469 0.49954588 0.7585525  0.6382059  0.83619454
 0.69246116 0.68327989 0.96774658 0.63893884]
2025-11-11 18:05:02,798 - pyswarms.single.global_best - INFO - Optimize for 1000 iters with {'c1': 0.9, 'c2': 0.5, 'w': 0.3}
2025-11-11 18:05:07,645 - pyswarms.single.global_best - INFO - Optimization finished | best cost: 52.40601648934763, best pos: [0.34161861 0.34499567 0.86337515 0.49543971 0.22527513 0.49882685
 0.70324237 0.66318293 0.57174998 0.95862717 0.69475563 0.73099817
 0.70480058 0.55936299 0.88023721 0.49359145 0.52794076 0.65535995
 0.85337561 0.31250638 0.76270558 0.91060283 0.69679888 1.03987219
 0.47809804 1.07571405 0.7727516  0.25599867 0.61152231 0.96000555
 0.75147063 0.69109647 0.732741   0.76483947]
2025-11-11 18:05:12,040 - pyswarms.single.global_best - INFO - Optimize for 1000 iters with {'c1': 0.9, 'c2': 0.5, 'w': 0.3}
2025-11-11 18:05:19,886 - pyswarms.single.global_best - INFO - Optimization finished | best cost: 51.72040199790065, best pos: [0.86331904 0.77672252 0.44918268 0.6616257  0.39072698 0.58900061
 0.45412865 0.52479218 0.53325506 0.52004372 0.6670346  0.57870578
 0.33755342 0.89413239 0.80431008 0.70172592 0.62069776 0.56057891
 0.87087519 0.76912678 0.46533572 0.69381618 0.48721413 0.48061024
 0.84716747 0.79623909 0.84367214 0.65814963 0.67715491 0.69200342
 0.63285238 0.78202284 0.57190595 0.61862125]
2025-11-11 18:05:22,069 - pyswarms.single.global_best - INFO - Optimize for 1000 iters with {'c1': 0.9, 'c2': 0.5, 'w': 0.3}
2025-11-11 18:05:32,773 - pyswarms.single.global_best - INFO - Optimization finished | best cost: 52.00499505519212, best pos: [0.8257334  0.76495748 0.95566182 0.71197838 0.28571533 0.57398314
 0.47445011 0.49158687 0.56993244 0.59472684 0.48853557 0.48829953
 0.65613185 0.68237987 1.05587008 0.7537524  0.59279561 0.52408547
 0.55978615 0.64382721 0.64603742 0.54965063 0.68492561 0.51496798
 0.47667658 0.87096174 0.38810213 0.91395995 0.58112865 0.54915144
 0.53041713 0.63046766 0.7178126  0.31830472]
2025-11-11 18:05:34,342 - pyswarms.single.global_best - INFO - Optimize for 1000 iters with {'c1': 0.9, 'c2': 0.5, 'w': 0.3}
